2023-07-27 13:07:209 INFO  HomePage :34 - Mouse hover on element [[ChromeDriver: chrome on WINDOWS (2b9cb28eeeca5f9d97991b59f0764e4d)] -> xpath: //a[normalize-space()='buy + sell']]
2023-07-27 13:07:275 INFO  HomePage :39 - Click on search car element [[ChromeDriver: chrome on WINDOWS (2b9cb28eeeca5f9d97991b59f0764e4d)] -> xpath: //a[normalize-space()='Search Cars']]
2023-07-27 13:07:878 INFO  NewAndUsedCarSearchPage :42 - Navigated to New and Used Car page [[ChromeDriver: chrome on WINDOWS (2b9cb28eeeca5f9d97991b59f0764e4d)] -> xpath: //h1[normalize-space()='New & Used Car Search - carsguide']]
2023-07-27 13:07:190 INFO  HomePage :34 - Mouse hover on element [[ChromeDriver: chrome on WINDOWS (e5ab39ca650f046ee9495de38d92727c)] -> xpath: //a[normalize-space()='buy + sell']]
2023-07-27 13:07:837 INFO  HomePage :39 - Click on search car element [[ChromeDriver: chrome on WINDOWS (e5ab39ca650f046ee9495de38d92727c)] -> xpath: //a[normalize-space()='Search Cars']]
2023-07-27 13:07:421 INFO  NewAndUsedCarSearchPage :42 - Navigated to New and Used Car page [[ChromeDriver: chrome on WINDOWS (e5ab39ca650f046ee9495de38d92727c)] -> xpath: //h1[normalize-space()='New & Used Car Search - carsguide']]
2023-07-27 13:07:171 INFO  HomePage :34 - Mouse hover on element [[ChromeDriver: chrome on WINDOWS (6c229ff98d3e5e6143a0e189472a0d7d)] -> xpath: //a[normalize-space()='buy + sell']]
2023-07-27 13:07:966 INFO  HomePage :39 - Click on search car element [[ChromeDriver: chrome on WINDOWS (6c229ff98d3e5e6143a0e189472a0d7d)] -> xpath: //a[normalize-space()='Search Cars']]
2023-07-27 13:07:498 INFO  NewAndUsedCarSearchPage :42 - Navigated to New and Used Car page [[ChromeDriver: chrome on WINDOWS (6c229ff98d3e5e6143a0e189472a0d7d)] -> xpath: //h1[normalize-space()='New & Used Car Search - carsguide']]
2023-07-27 13:07:704 INFO  HomePage :34 - Mouse hover on element [[ChromeDriver: chrome on WINDOWS (4328407dea9bc9b715b66f12054e07cb)] -> xpath: //a[normalize-space()='buy + sell']]
2023-07-27 13:07:345 INFO  HomePage :39 - Click on search car element [[ChromeDriver: chrome on WINDOWS (4328407dea9bc9b715b66f12054e07cb)] -> xpath: //a[normalize-space()='Search Cars']]
2023-07-27 13:07:891 INFO  NewAndUsedCarSearchPage :42 - Navigated to New and Used Car page [[ChromeDriver: chrome on WINDOWS (4328407dea9bc9b715b66f12054e07cb)] -> xpath: //h1[normalize-space()='New & Used Car Search - carsguide']]
2023-07-27 13:07:860 INFO  HomePage :34 - Mouse hover on element [[ChromeDriver: chrome on WINDOWS (27d922adaddb8364919d463e99ede97c)] -> xpath: //a[normalize-space()='buy + sell']]
2023-07-27 13:07:589 INFO  HomePage :39 - Click on search car element [[ChromeDriver: chrome on WINDOWS (27d922adaddb8364919d463e99ede97c)] -> xpath: //a[normalize-space()='Search Cars']]
2023-07-27 13:07:294 INFO  NewAndUsedCarSearchPage :42 - Navigated to New and Used Car page [[ChromeDriver: chrome on WINDOWS (27d922adaddb8364919d463e99ede97c)] -> xpath: //h1[normalize-space()='New & Used Car Search - carsguide']]
2023-07-27 13:07:783 INFO  HomePage :34 - Mouse hover on element [[ChromeDriver: chrome on WINDOWS (cd921e4c9e45239ec83c77a3c62e11d7)] -> xpath: //a[normalize-space()='buy + sell']]
2023-07-27 13:07:966 INFO  HomePage :39 - Click on search car element [[ChromeDriver: chrome on WINDOWS (cd921e4c9e45239ec83c77a3c62e11d7)] -> xpath: //a[normalize-space()='Search Cars']]
2023-07-27 13:07:476 INFO  NewAndUsedCarSearchPage :42 - Navigated to New and Used Car page [[ChromeDriver: chrome on WINDOWS (cd921e4c9e45239ec83c77a3c62e11d7)] -> xpath: //h1[normalize-space()='New & Used Car Search - carsguide']]
2023-07-27 15:07:945 INFO  HomePage :34 - Mouse hover on element [[ChromeDriver: chrome on WINDOWS (39d07dd6950c48dfe899fccec4154511)] -> xpath: //a[normalize-space()='buy + sell']]
2023-07-27 15:07:527 INFO  HomePage :39 - Click on search car element [[ChromeDriver: chrome on WINDOWS (39d07dd6950c48dfe899fccec4154511)] -> xpath: //a[normalize-space()='Search Cars']]
2023-07-27 15:07:314 INFO  NewAndUsedCarSearchPage :42 - Navigated to New and Used Car page [[ChromeDriver: chrome on WINDOWS (39d07dd6950c48dfe899fccec4154511)] -> xpath: //h1[normalize-space()='New & Used Car Search - carsguide']]
2023-07-27 15:07:743 INFO  NewAndUsedCarSearchPage :47 - Select makes dropdown [[ChromeDriver: chrome on WINDOWS (39d07dd6950c48dfe899fccec4154511)] -> xpath: //select[@id='makes']]
2023-07-27 15:07:243 INFO  NewAndUsedCarSearchPage :51 - Select Models dropdown [[ChromeDriver: chrome on WINDOWS (39d07dd6950c48dfe899fccec4154511)] -> id: models]
2023-07-27 15:07:620 INFO  NewAndUsedCarSearchPage :55 - Select location dropdown [[ChromeDriver: chrome on WINDOWS (39d07dd6950c48dfe899fccec4154511)] -> xpath: //select[@id='locations']]
2023-07-27 15:07:623 INFO  HomePage :34 - Mouse hover on element [[ChromeDriver: chrome on WINDOWS (18f0a0eedbe5670a52801a2d0bb7e48a)] -> xpath: //a[normalize-space()='buy + sell']]
2023-07-27 15:07:571 INFO  HomePage :39 - Click on search car element [[ChromeDriver: chrome on WINDOWS (18f0a0eedbe5670a52801a2d0bb7e48a)] -> xpath: //a[normalize-space()='Search Cars']]
2023-07-27 15:07:187 INFO  NewAndUsedCarSearchPage :42 - Navigated to New and Used Car page [[ChromeDriver: chrome on WINDOWS (18f0a0eedbe5670a52801a2d0bb7e48a)] -> xpath: //h1[normalize-space()='New & Used Car Search - carsguide']]
2023-07-27 15:07:585 INFO  NewAndUsedCarSearchPage :47 - Select makes dropdown [[ChromeDriver: chrome on WINDOWS (18f0a0eedbe5670a52801a2d0bb7e48a)] -> xpath: //select[@id='makes']]
2023-07-27 15:07:986 INFO  NewAndUsedCarSearchPage :51 - Select Models dropdown [[ChromeDriver: chrome on WINDOWS (18f0a0eedbe5670a52801a2d0bb7e48a)] -> id: models]
2023-07-27 15:07:357 INFO  NewAndUsedCarSearchPage :55 - Select location dropdown [[ChromeDriver: chrome on WINDOWS (18f0a0eedbe5670a52801a2d0bb7e48a)] -> xpath: //select[@id='locations']]
2023-07-27 15:07:944 INFO  HomePage :34 - Mouse hover on element [[ChromeDriver: chrome on WINDOWS (79af81f3d145c2b0e22d1f227305aeb5)] -> xpath: //a[normalize-space()='buy + sell']]
2023-07-27 15:07:785 INFO  HomePage :39 - Click on search car element [[ChromeDriver: chrome on WINDOWS (79af81f3d145c2b0e22d1f227305aeb5)] -> xpath: //a[normalize-space()='Search Cars']]
2023-07-27 15:07:903 INFO  NewAndUsedCarSearchPage :42 - Navigated to New and Used Car page [[ChromeDriver: chrome on WINDOWS (79af81f3d145c2b0e22d1f227305aeb5)] -> xpath: //h1[normalize-space()='New & Used Car Search - carsguide']]
2023-07-27 15:07:953 INFO  NewAndUsedCarSearchPage :47 - Select makes dropdown [[ChromeDriver: chrome on WINDOWS (79af81f3d145c2b0e22d1f227305aeb5)] -> xpath: //select[@id='makes']]
2023-07-27 15:07:212 INFO  NewAndUsedCarSearchPage :51 - Select Models dropdown [[ChromeDriver: chrome on WINDOWS (79af81f3d145c2b0e22d1f227305aeb5)] -> id: models]
2023-07-27 15:07:388 INFO  NewAndUsedCarSearchPage :55 - Select location dropdown [[ChromeDriver: chrome on WINDOWS (79af81f3d145c2b0e22d1f227305aeb5)] -> xpath: //select[@id='locations']]
2023-07-27 15:07:588 INFO  NewAndUsedCarSearchPage :59 - Select price dropdown [[ChromeDriver: chrome on WINDOWS (79af81f3d145c2b0e22d1f227305aeb5)] -> xpath: //select[@id='priceTo']]
2023-07-27 15:07:03 INFO  HomePage :34 - Mouse hover on element [[ChromeDriver: chrome on WINDOWS (b40c8b4d183d386c72e02626c8a42a08)] -> xpath: //a[normalize-space()='buy + sell']]
2023-07-27 15:07:161 INFO  HomePage :39 - Click on search car element [[ChromeDriver: chrome on WINDOWS (b40c8b4d183d386c72e02626c8a42a08)] -> xpath: //a[normalize-space()='Search Cars']]
2023-07-27 15:07:213 INFO  NewAndUsedCarSearchPage :42 - Navigated to New and Used Car page [[ChromeDriver: chrome on WINDOWS (b40c8b4d183d386c72e02626c8a42a08)] -> xpath: //h1[normalize-space()='New & Used Car Search - carsguide']]
2023-07-27 15:07:671 INFO  NewAndUsedCarSearchPage :47 - Select makes dropdown [[ChromeDriver: chrome on WINDOWS (b40c8b4d183d386c72e02626c8a42a08)] -> xpath: //select[@id='makes']]
2023-07-27 15:07:194 INFO  NewAndUsedCarSearchPage :51 - Select Models dropdown [[ChromeDriver: chrome on WINDOWS (b40c8b4d183d386c72e02626c8a42a08)] -> id: models]
2023-07-27 15:07:610 INFO  NewAndUsedCarSearchPage :55 - Select location dropdown [[ChromeDriver: chrome on WINDOWS (b40c8b4d183d386c72e02626c8a42a08)] -> xpath: //select[@id='locations']]
2023-07-27 15:07:81 INFO  HomePage :34 - Mouse hover on element [[ChromeDriver: chrome on WINDOWS (60e81bdf02aeeaa172eed0c848fe1ac8)] -> xpath: //a[normalize-space()='buy + sell']]
2023-07-27 15:07:264 INFO  HomePage :39 - Click on search car element [[ChromeDriver: chrome on WINDOWS (60e81bdf02aeeaa172eed0c848fe1ac8)] -> xpath: //a[normalize-space()='Search Cars']]
2023-07-27 15:07:684 INFO  NewAndUsedCarSearchPage :42 - Navigated to New and Used Car page [[ChromeDriver: chrome on WINDOWS (60e81bdf02aeeaa172eed0c848fe1ac8)] -> xpath: //h1[normalize-space()='New & Used Car Search - carsguide']]
2023-07-27 15:07:156 INFO  NewAndUsedCarSearchPage :47 - Select makes dropdown [[ChromeDriver: chrome on WINDOWS (60e81bdf02aeeaa172eed0c848fe1ac8)] -> xpath: //select[@id='makes']]
2023-07-27 15:07:682 INFO  NewAndUsedCarSearchPage :51 - Select Models dropdown [[ChromeDriver: chrome on WINDOWS (60e81bdf02aeeaa172eed0c848fe1ac8)] -> id: models]
2023-07-27 15:07:29 INFO  NewAndUsedCarSearchPage :55 - Select location dropdown [[ChromeDriver: chrome on WINDOWS (60e81bdf02aeeaa172eed0c848fe1ac8)] -> xpath: //select[@id='locations']]
2023-07-27 15:07:661 INFO  HomePage :34 - Mouse hover on element [[ChromeDriver: chrome on WINDOWS (247daf081c723d1899e50e6069d5745a)] -> xpath: //a[normalize-space()='buy + sell']]
2023-07-27 15:07:791 INFO  HomePage :39 - Click on search car element [[ChromeDriver: chrome on WINDOWS (247daf081c723d1899e50e6069d5745a)] -> xpath: //a[normalize-space()='Search Cars']]
2023-07-27 15:07:603 INFO  NewAndUsedCarSearchPage :42 - Navigated to New and Used Car page [[ChromeDriver: chrome on WINDOWS (247daf081c723d1899e50e6069d5745a)] -> xpath: //h1[normalize-space()='New & Used Car Search - carsguide']]
2023-07-27 15:07:923 INFO  NewAndUsedCarSearchPage :47 - Select makes dropdown [[ChromeDriver: chrome on WINDOWS (247daf081c723d1899e50e6069d5745a)] -> xpath: //select[@id='makes']]
2023-07-27 15:07:370 INFO  NewAndUsedCarSearchPage :51 - Select Models dropdown [[ChromeDriver: chrome on WINDOWS (247daf081c723d1899e50e6069d5745a)] -> id: models]
2023-07-27 15:07:747 INFO  NewAndUsedCarSearchPage :55 - Select location dropdown [[ChromeDriver: chrome on WINDOWS (247daf081c723d1899e50e6069d5745a)] -> xpath: //select[@id='locations']]
2023-07-27 17:07:294 INFO  HomePage :34 - Mouse hover on element [[ChromeDriver: chrome on WINDOWS (5fa8aada1dcb59deb97e36eee3df103b)] -> xpath: //a[normalize-space()='buy + sell']]
2023-07-27 17:07:539 INFO  HomePage :39 - Click on search car element [[ChromeDriver: chrome on WINDOWS (5fa8aada1dcb59deb97e36eee3df103b)] -> xpath: //a[normalize-space()='Search Cars']]
2023-07-27 17:07:106 INFO  HomePage :34 - Mouse hover on element [[ChromeDriver: chrome on WINDOWS (cf9fd70deccc9b2dcd4548caa4b5bc47)] -> xpath: //a[normalize-space()='buy + sell']]
2023-07-27 17:07:830 INFO  HomePage :39 - Click on search car element [[ChromeDriver: chrome on WINDOWS (cf9fd70deccc9b2dcd4548caa4b5bc47)] -> xpath: //a[normalize-space()='Search Cars']]
2023-07-27 17:07:663 INFO  NewAndUsedCarSearchPage :42 - Navigated to New and Used Car page [[ChromeDriver: chrome on WINDOWS (cf9fd70deccc9b2dcd4548caa4b5bc47)] -> xpath: //h1[normalize-space()='New & Used Car Search - carsguide']]
2023-07-27 17:07:124 INFO  NewAndUsedCarSearchPage :47 - Select makes dropdown [[ChromeDriver: chrome on WINDOWS (cf9fd70deccc9b2dcd4548caa4b5bc47)] -> xpath: //select[@id='makes']]
2023-07-27 17:07:760 INFO  NewAndUsedCarSearchPage :51 - Select Models dropdown [[ChromeDriver: chrome on WINDOWS (cf9fd70deccc9b2dcd4548caa4b5bc47)] -> id: models]
2023-07-27 17:07:313 INFO  NewAndUsedCarSearchPage :55 - Select location dropdown [[ChromeDriver: chrome on WINDOWS (cf9fd70deccc9b2dcd4548caa4b5bc47)] -> xpath: //select[@id='locations']]
2023-07-28 10:07:245 INFO  HomePage :34 - Mouse hover on element [[ChromeDriver: chrome on WINDOWS (d29b6b32a19d3e1dbb1cdd4aee31e3ac)] -> xpath: //a[normalize-space()='buy + sell']]
2023-07-28 10:07:156 INFO  HomePage :44 - Click on search car element[[ChromeDriver: chrome on WINDOWS (d29b6b32a19d3e1dbb1cdd4aee31e3ac)] -> xpath: //a[normalize-space()='Used']]
2023-07-28 10:07:830 INFO  UsedCarPage :26 - Navigated to  Used Car page [[ChromeDriver: chrome on WINDOWS (d29b6b32a19d3e1dbb1cdd4aee31e3ac)] -> xpath: //h1[contains(text(),'Used Cars For Sale')]]
2023-07-28 10:07:73 INFO  NewAndUsedCarSearchPage :41 - Select makes dropdown [[ChromeDriver: chrome on WINDOWS (d29b6b32a19d3e1dbb1cdd4aee31e3ac)] -> xpath: //select[@id='makes']]
2023-07-28 10:07:259 INFO  NewAndUsedCarSearchPage :45 - Select Models dropdown [[ChromeDriver: chrome on WINDOWS (d29b6b32a19d3e1dbb1cdd4aee31e3ac)] -> id: models]
2023-07-28 10:07:461 INFO  NewAndUsedCarSearchPage :49 - Select location dropdown [[ChromeDriver: chrome on WINDOWS (d29b6b32a19d3e1dbb1cdd4aee31e3ac)] -> xpath: //select[@id='locations']]
2023-07-28 10:07:763 INFO  HomePage :34 - Mouse hover on element [[ChromeDriver: chrome on WINDOWS (f999fbfbefa09fcdb1669d8e400ab2c9)] -> xpath: //a[normalize-space()='buy + sell']]
2023-07-28 10:07:601 INFO  HomePage :44 - Click on search car element[[ChromeDriver: chrome on WINDOWS (f999fbfbefa09fcdb1669d8e400ab2c9)] -> xpath: //a[normalize-space()='Used']]
2023-07-28 10:07:276 INFO  UsedCarPage :26 - Navigated to  Used Car page [[ChromeDriver: chrome on WINDOWS (f999fbfbefa09fcdb1669d8e400ab2c9)] -> xpath: //h1[contains(text(),'Used Cars For Sale')]]
2023-07-28 10:07:488 INFO  NewAndUsedCarSearchPage :41 - Select makes dropdown [[ChromeDriver: chrome on WINDOWS (f999fbfbefa09fcdb1669d8e400ab2c9)] -> xpath: //select[@id='makes']]
2023-07-28 10:07:682 INFO  NewAndUsedCarSearchPage :45 - Select Models dropdown [[ChromeDriver: chrome on WINDOWS (f999fbfbefa09fcdb1669d8e400ab2c9)] -> id: models]
2023-07-28 10:07:873 INFO  NewAndUsedCarSearchPage :49 - Select location dropdown [[ChromeDriver: chrome on WINDOWS (f999fbfbefa09fcdb1669d8e400ab2c9)] -> xpath: //select[@id='locations']]
2023-07-28 10:07:898 INFO  HomePage :34 - Mouse hover on element [[ChromeDriver: chrome on WINDOWS (3915b4c7e2ec2b0e5df6b787899e6ddf)] -> xpath: //a[normalize-space()='buy + sell']]
2023-07-28 10:07:825 INFO  HomePage :44 - Click on search car element[[ChromeDriver: chrome on WINDOWS (3915b4c7e2ec2b0e5df6b787899e6ddf)] -> xpath: //a[normalize-space()='Used']]
2023-07-28 10:07:283 INFO  UsedCarPage :26 - Navigated to  Used Car page [[ChromeDriver: chrome on WINDOWS (3915b4c7e2ec2b0e5df6b787899e6ddf)] -> xpath: //h1[contains(text(),'Used Cars For Sale')]]
2023-07-28 10:07:492 INFO  NewAndUsedCarSearchPage :41 - Select makes dropdown [[ChromeDriver: chrome on WINDOWS (3915b4c7e2ec2b0e5df6b787899e6ddf)] -> xpath: //select[@id='makes']]
2023-07-28 10:07:664 INFO  NewAndUsedCarSearchPage :45 - Select Models dropdown [[ChromeDriver: chrome on WINDOWS (3915b4c7e2ec2b0e5df6b787899e6ddf)] -> id: models]
2023-07-28 10:07:830 INFO  NewAndUsedCarSearchPage :49 - Select location dropdown [[ChromeDriver: chrome on WINDOWS (3915b4c7e2ec2b0e5df6b787899e6ddf)] -> xpath: //select[@id='locations']]
2023-07-28 10:07:325 INFO  HomePage :34 - Mouse hover on element [[ChromeDriver: chrome on WINDOWS (1fb9324b9e413e29cd28b9541ef8e410)] -> xpath: //a[normalize-space()='buy + sell']]
2023-07-28 10:07:854 INFO  HomePage :44 - Click on search car element[[ChromeDriver: chrome on WINDOWS (1fb9324b9e413e29cd28b9541ef8e410)] -> xpath: //a[normalize-space()='Used']]
2023-07-28 10:07:331 INFO  UsedCarPage :26 - Navigated to  Used Car page [[ChromeDriver: chrome on WINDOWS (1fb9324b9e413e29cd28b9541ef8e410)] -> xpath: //h1[contains(text(),'Used Cars For Sale')]]
2023-07-28 10:07:521 INFO  NewAndUsedCarSearchPage :41 - Select makes dropdown [[ChromeDriver: chrome on WINDOWS (1fb9324b9e413e29cd28b9541ef8e410)] -> xpath: //select[@id='makes']]
2023-07-28 10:07:669 INFO  NewAndUsedCarSearchPage :45 - Select Models dropdown [[ChromeDriver: chrome on WINDOWS (1fb9324b9e413e29cd28b9541ef8e410)] -> id: models]
2023-07-28 10:07:852 INFO  NewAndUsedCarSearchPage :49 - Select location dropdown [[ChromeDriver: chrome on WINDOWS (1fb9324b9e413e29cd28b9541ef8e410)] -> xpath: //select[@id='locations']]
2023-07-28 10:07:440 INFO  HomePage :34 - Mouse hover on element [[ChromeDriver: chrome on WINDOWS (3fdf78f33616495d20a898aaba6bbfc0)] -> xpath: //a[normalize-space()='buy + sell']]
2023-07-28 10:07:830 INFO  HomePage :44 - Click on search car element[[ChromeDriver: chrome on WINDOWS (3fdf78f33616495d20a898aaba6bbfc0)] -> xpath: //a[normalize-space()='Used']]
2023-07-28 10:07:283 INFO  UsedCarPage :26 - Navigated to  Used Car page [[ChromeDriver: chrome on WINDOWS (3fdf78f33616495d20a898aaba6bbfc0)] -> xpath: //h1[contains(text(),'Used Cars For Sale')]]
2023-07-28 10:07:646 INFO  NewAndUsedCarSearchPage :41 - Select makes dropdown [[ChromeDriver: chrome on WINDOWS (3fdf78f33616495d20a898aaba6bbfc0)] -> xpath: //select[@id='makes']]
2023-07-28 10:07:864 INFO  NewAndUsedCarSearchPage :45 - Select Models dropdown [[ChromeDriver: chrome on WINDOWS (3fdf78f33616495d20a898aaba6bbfc0)] -> id: models]
2023-07-28 10:07:76 INFO  NewAndUsedCarSearchPage :49 - Select location dropdown [[ChromeDriver: chrome on WINDOWS (3fdf78f33616495d20a898aaba6bbfc0)] -> xpath: //select[@id='locations']]
2023-07-28 15:07:537 INFO  HomePage :34 - Mouse hover on element [[ChromeDriver: chrome on WINDOWS (a99c574c38f89361e70ba3871455981a)] -> xpath: //a[normalize-space()='buy + sell']]
2023-07-28 15:07:433 INFO  HomePage :39 - Click on search car element [[ChromeDriver: chrome on WINDOWS (a99c574c38f89361e70ba3871455981a)] -> xpath: //a[normalize-space()='Search Cars']]
2023-07-28 15:07:43 INFO  ResultPage :25 - Navigated to New and Used Car page [[ChromeDriver: chrome on WINDOWS (a99c574c38f89361e70ba3871455981a)] -> xpath: //h1[normalize-space()='New & Used Car Search - carsguide']]
2023-07-28 15:07:358 INFO  NewAndUsedCarSearchPage :41 - Select makes dropdown [[ChromeDriver: chrome on WINDOWS (a99c574c38f89361e70ba3871455981a)] -> xpath: //select[@id='makes']]
2023-07-28 15:07:591 INFO  NewAndUsedCarSearchPage :45 - Select Models dropdown [[ChromeDriver: chrome on WINDOWS (a99c574c38f89361e70ba3871455981a)] -> id: models]
2023-07-28 15:07:817 INFO  NewAndUsedCarSearchPage :49 - Select location dropdown [[ChromeDriver: chrome on WINDOWS (a99c574c38f89361e70ba3871455981a)] -> xpath: //select[@id='locations']]
2023-07-28 15:07:42 INFO  NewAndUsedCarSearchPage :53 - Select price dropdown [[ChromeDriver: chrome on WINDOWS (a99c574c38f89361e70ba3871455981a)] -> xpath: //select[@id='priceTo']]
2023-07-28 15:07:876 INFO  ResultPage :29 - Navigated to Make page [[ChromeDriver: chrome on WINDOWS (a99c574c38f89361e70ba3871455981a)] -> xpath: //h3[normalize-space()='Make']]
2023-07-28 15:07:716 INFO  HomePage :34 - Mouse hover on element [[ChromeDriver: chrome on WINDOWS (1efc374de145e5534c8f3c27cadb42aa)] -> xpath: //a[normalize-space()='buy + sell']]
2023-07-28 15:07:436 INFO  HomePage :39 - Click on search car element [[ChromeDriver: chrome on WINDOWS (1efc374de145e5534c8f3c27cadb42aa)] -> xpath: //a[normalize-space()='Search Cars']]
2023-07-28 15:07:237 INFO  ResultPage :25 - Navigated to New and Used Car page [[ChromeDriver: chrome on WINDOWS (1efc374de145e5534c8f3c27cadb42aa)] -> xpath: //h1[normalize-space()='New & Used Car Search - carsguide']]
2023-07-28 15:07:575 INFO  NewAndUsedCarSearchPage :41 - Select makes dropdown [[ChromeDriver: chrome on WINDOWS (1efc374de145e5534c8f3c27cadb42aa)] -> xpath: //select[@id='makes']]
2023-07-28 15:07:876 INFO  NewAndUsedCarSearchPage :45 - Select Models dropdown [[ChromeDriver: chrome on WINDOWS (1efc374de145e5534c8f3c27cadb42aa)] -> id: models]
2023-07-28 15:07:95 INFO  NewAndUsedCarSearchPage :49 - Select location dropdown [[ChromeDriver: chrome on WINDOWS (1efc374de145e5534c8f3c27cadb42aa)] -> xpath: //select[@id='locations']]
2023-07-28 15:07:308 INFO  NewAndUsedCarSearchPage :53 - Select price dropdown [[ChromeDriver: chrome on WINDOWS (1efc374de145e5534c8f3c27cadb42aa)] -> xpath: //select[@id='priceTo']]
2023-07-28 15:07:357 INFO  ResultPage :29 - Navigated to Make page [[ChromeDriver: chrome on WINDOWS (1efc374de145e5534c8f3c27cadb42aa)] -> xpath: //h3[normalize-space()='Make']]
2023-07-28 15:07:157 INFO  HomePage :34 - Mouse hover on element [[ChromeDriver: chrome on WINDOWS (35bca91df33e2a3cd4f21ecf7ad11f54)] -> xpath: //a[normalize-space()='buy + sell']]
2023-07-28 15:07:552 INFO  HomePage :44 - Click on search car element[[ChromeDriver: chrome on WINDOWS (35bca91df33e2a3cd4f21ecf7ad11f54)] -> xpath: //a[normalize-space()='Used']]
2023-07-28 15:07:142 INFO  UsedCarPage :26 - Navigated to  Used Car page [[ChromeDriver: chrome on WINDOWS (35bca91df33e2a3cd4f21ecf7ad11f54)] -> xpath: //h1[contains(text(),'Used Cars For Sale')]]
2023-07-28 15:07:410 INFO  NewAndUsedCarSearchPage :41 - Select makes dropdown [[ChromeDriver: chrome on WINDOWS (35bca91df33e2a3cd4f21ecf7ad11f54)] -> xpath: //select[@id='makes']]
2023-07-28 15:07:638 INFO  NewAndUsedCarSearchPage :45 - Select Models dropdown [[ChromeDriver: chrome on WINDOWS (35bca91df33e2a3cd4f21ecf7ad11f54)] -> id: models]
2023-07-28 15:07:882 INFO  NewAndUsedCarSearchPage :49 - Select location dropdown [[ChromeDriver: chrome on WINDOWS (35bca91df33e2a3cd4f21ecf7ad11f54)] -> xpath: //select[@id='locations']]
2023-07-28 15:07:115 INFO  NewAndUsedCarSearchPage :53 - Select price dropdown [[ChromeDriver: chrome on WINDOWS (35bca91df33e2a3cd4f21ecf7ad11f54)] -> xpath: //select[@id='priceTo']]
2023-07-28 15:07:987 INFO  ResultPage :29 - Navigated to Make page [[ChromeDriver: chrome on WINDOWS (35bca91df33e2a3cd4f21ecf7ad11f54)] -> xpath: //h3[normalize-space()='Make']]
2023-07-28 15:07:507 INFO  HomePage :34 - Mouse hover on element [[ChromeDriver: chrome on WINDOWS (522e1ca8db744b2f5c80a860e24daa39)] -> xpath: //a[normalize-space()='buy + sell']]
2023-07-28 15:07:465 INFO  HomePage :44 - Click on search car element[[ChromeDriver: chrome on WINDOWS (522e1ca8db744b2f5c80a860e24daa39)] -> xpath: //a[normalize-space()='Used']]
2023-07-28 15:07:60 INFO  UsedCarPage :26 - Navigated to  Used Car page [[ChromeDriver: chrome on WINDOWS (522e1ca8db744b2f5c80a860e24daa39)] -> xpath: //h1[contains(text(),'Used Cars For Sale')]]
2023-07-28 15:07:354 INFO  NewAndUsedCarSearchPage :41 - Select makes dropdown [[ChromeDriver: chrome on WINDOWS (522e1ca8db744b2f5c80a860e24daa39)] -> xpath: //select[@id='makes']]
2023-07-28 15:07:580 INFO  NewAndUsedCarSearchPage :45 - Select Models dropdown [[ChromeDriver: chrome on WINDOWS (522e1ca8db744b2f5c80a860e24daa39)] -> id: models]
2023-07-28 15:07:800 INFO  NewAndUsedCarSearchPage :49 - Select location dropdown [[ChromeDriver: chrome on WINDOWS (522e1ca8db744b2f5c80a860e24daa39)] -> xpath: //select[@id='locations']]
2023-07-28 15:07:52 INFO  NewAndUsedCarSearchPage :53 - Select price dropdown [[ChromeDriver: chrome on WINDOWS (522e1ca8db744b2f5c80a860e24daa39)] -> xpath: //select[@id='priceTo']]
2023-07-28 15:07:901 INFO  ResultPage :29 - Navigated to Make page [[ChromeDriver: chrome on WINDOWS (522e1ca8db744b2f5c80a860e24daa39)] -> xpath: //h3[normalize-space()='Make']]
2023-07-28 15:07:488 INFO  HomePage :34 - Mouse hover on element [[ChromeDriver: chrome on WINDOWS (ea800b44e565aecbdaa22ee4765e7a27)] -> xpath: //a[normalize-space()='buy + sell']]
2023-07-28 15:07:858 INFO  HomePage :44 - Click on search car element[[ChromeDriver: chrome on WINDOWS (ea800b44e565aecbdaa22ee4765e7a27)] -> xpath: //a[normalize-space()='Used']]
2023-07-28 15:07:895 INFO  UsedCarPage :26 - Navigated to  Used Car page [[ChromeDriver: chrome on WINDOWS (ea800b44e565aecbdaa22ee4765e7a27)] -> xpath: //h1[contains(text(),'Used Cars For Sale')]]
2023-07-28 15:07:187 INFO  NewAndUsedCarSearchPage :41 - Select makes dropdown [[ChromeDriver: chrome on WINDOWS (ea800b44e565aecbdaa22ee4765e7a27)] -> xpath: //select[@id='makes']]
2023-07-28 15:07:386 INFO  NewAndUsedCarSearchPage :45 - Select Models dropdown [[ChromeDriver: chrome on WINDOWS (ea800b44e565aecbdaa22ee4765e7a27)] -> id: models]
2023-07-28 15:07:603 INFO  NewAndUsedCarSearchPage :49 - Select location dropdown [[ChromeDriver: chrome on WINDOWS (ea800b44e565aecbdaa22ee4765e7a27)] -> xpath: //select[@id='locations']]
2023-07-28 15:07:831 INFO  NewAndUsedCarSearchPage :53 - Select price dropdown [[ChromeDriver: chrome on WINDOWS (ea800b44e565aecbdaa22ee4765e7a27)] -> xpath: //select[@id='priceTo']]
2023-07-28 15:07:547 INFO  ResultPage :29 - Navigated to Make page [[ChromeDriver: chrome on WINDOWS (ea800b44e565aecbdaa22ee4765e7a27)] -> xpath: //h3[normalize-space()='Make']]
2023-07-28 15:07:271 INFO  HomePage :34 - Mouse hover on element [[ChromeDriver: chrome on WINDOWS (b59bb960ba837e3d1efb327277442a8b)] -> xpath: //a[normalize-space()='buy + sell']]
2023-07-28 15:07:342 INFO  HomePage :44 - Click on search car element[[ChromeDriver: chrome on WINDOWS (b59bb960ba837e3d1efb327277442a8b)] -> xpath: //a[normalize-space()='Used']]
2023-07-28 15:07:126 INFO  UsedCarPage :26 - Navigated to  Used Car page [[ChromeDriver: chrome on WINDOWS (b59bb960ba837e3d1efb327277442a8b)] -> xpath: //h1[contains(text(),'Used Cars For Sale')]]
2023-07-28 15:07:411 INFO  NewAndUsedCarSearchPage :41 - Select makes dropdown [[ChromeDriver: chrome on WINDOWS (b59bb960ba837e3d1efb327277442a8b)] -> xpath: //select[@id='makes']]
2023-07-28 15:07:607 INFO  NewAndUsedCarSearchPage :45 - Select Models dropdown [[ChromeDriver: chrome on WINDOWS (b59bb960ba837e3d1efb327277442a8b)] -> id: models]
2023-07-28 15:07:813 INFO  NewAndUsedCarSearchPage :49 - Select location dropdown [[ChromeDriver: chrome on WINDOWS (b59bb960ba837e3d1efb327277442a8b)] -> xpath: //select[@id='locations']]
2023-07-28 15:07:44 INFO  NewAndUsedCarSearchPage :53 - Select price dropdown [[ChromeDriver: chrome on WINDOWS (b59bb960ba837e3d1efb327277442a8b)] -> xpath: //select[@id='priceTo']]
2023-07-28 15:07:322 INFO  ResultPage :29 - Navigated to Make page [[ChromeDriver: chrome on WINDOWS (b59bb960ba837e3d1efb327277442a8b)] -> xpath: //h3[normalize-space()='Make']]
2023-07-28 15:07:366 INFO  HomePage :34 - Mouse hover on element [[ChromeDriver: chrome on WINDOWS (cc2d4b60e48aa8408e307c9419498861)] -> xpath: //a[normalize-space()='buy + sell']]
2023-07-28 15:07:730 INFO  HomePage :44 - Click on search car element[[ChromeDriver: chrome on WINDOWS (cc2d4b60e48aa8408e307c9419498861)] -> xpath: //a[normalize-space()='Used']]
2023-07-28 15:07:367 INFO  UsedCarPage :26 - Navigated to  Used Car page [[ChromeDriver: chrome on WINDOWS (cc2d4b60e48aa8408e307c9419498861)] -> xpath: //h1[contains(text(),'Used Cars For Sale')]]
2023-07-28 15:07:739 INFO  NewAndUsedCarSearchPage :41 - Select makes dropdown [[ChromeDriver: chrome on WINDOWS (cc2d4b60e48aa8408e307c9419498861)] -> xpath: //select[@id='makes']]
2023-07-28 15:07:07 INFO  NewAndUsedCarSearchPage :45 - Select Models dropdown [[ChromeDriver: chrome on WINDOWS (cc2d4b60e48aa8408e307c9419498861)] -> id: models]
2023-07-28 15:07:276 INFO  NewAndUsedCarSearchPage :49 - Select location dropdown [[ChromeDriver: chrome on WINDOWS (cc2d4b60e48aa8408e307c9419498861)] -> xpath: //select[@id='locations']]
2023-07-28 15:07:497 INFO  NewAndUsedCarSearchPage :53 - Select price dropdown [[ChromeDriver: chrome on WINDOWS (cc2d4b60e48aa8408e307c9419498861)] -> xpath: //select[@id='priceTo']]
2023-07-28 15:07:188 INFO  ResultPage :29 - Navigated to Make page [[ChromeDriver: chrome on WINDOWS (cc2d4b60e48aa8408e307c9419498861)] -> xpath: //h3[normalize-space()='Make']]
2023-07-28 15:07:312 INFO  HomePage :34 - Mouse hover on element [[ChromeDriver: chrome on WINDOWS (aa675f6e96c34507becce28f133b06c6)] -> xpath: //a[normalize-space()='buy + sell']]
2023-07-28 15:07:147 INFO  HomePage :44 - Click on search car element[[ChromeDriver: chrome on WINDOWS (aa675f6e96c34507becce28f133b06c6)] -> xpath: //a[normalize-space()='Used']]
2023-07-28 15:07:743 INFO  UsedCarPage :26 - Navigated to  Used Car page [[ChromeDriver: chrome on WINDOWS (aa675f6e96c34507becce28f133b06c6)] -> xpath: //h1[contains(text(),'Used Cars For Sale')]]
2023-07-28 15:07:36 INFO  NewAndUsedCarSearchPage :41 - Select makes dropdown [[ChromeDriver: chrome on WINDOWS (aa675f6e96c34507becce28f133b06c6)] -> xpath: //select[@id='makes']]
2023-07-28 15:07:268 INFO  NewAndUsedCarSearchPage :45 - Select Models dropdown [[ChromeDriver: chrome on WINDOWS (aa675f6e96c34507becce28f133b06c6)] -> id: models]
2023-07-28 15:07:469 INFO  NewAndUsedCarSearchPage :49 - Select location dropdown [[ChromeDriver: chrome on WINDOWS (aa675f6e96c34507becce28f133b06c6)] -> xpath: //select[@id='locations']]
2023-07-28 15:07:662 INFO  NewAndUsedCarSearchPage :53 - Select price dropdown [[ChromeDriver: chrome on WINDOWS (aa675f6e96c34507becce28f133b06c6)] -> xpath: //select[@id='priceTo']]
2023-07-28 15:07:188 INFO  ResultPage :29 - Navigated to Make page [[ChromeDriver: chrome on WINDOWS (aa675f6e96c34507becce28f133b06c6)] -> xpath: //h3[normalize-space()='Make']]
2023-07-28 15:07:850 INFO  HomePage :34 - Mouse hover on element [[ChromeDriver: chrome on WINDOWS (1cb191b7368ec1dc9d1ee62ce1d61153)] -> xpath: //a[normalize-space()='buy + sell']]
2023-07-28 15:07:463 INFO  HomePage :49 - Click on find a dealer element[[ChromeDriver: chrome on WINDOWS (1cb191b7368ec1dc9d1ee62ce1d61153)] -> xpath: //a[contains(text(),'Find a Dealer')]]
2023-07-28 15:07:88 INFO  CarDealerPage :26 - Find a Car Dealership Near You[[ChromeDriver: chrome on WINDOWS (1cb191b7368ec1dc9d1ee62ce1d61153)] -> xpath: (//h1[normalize-space()='Find a Car Dealership Near You'])[1]]
